<?xml version="1.0" encoding="utf-8"?><testsuites><testsuite name="pytest" errors="3" failures="0" skipped="0" tests="3" time="0.318" timestamp="2024-09-18T04:47:37.183489-03:00" hostname="DESKTOP-12EGT0R"><testcase classname="" name="src.Main" time="0.000"><error message="collection failure">src\Main.py:170: in &lt;module&gt;
    op1 = menu()
src\Main.py:152: in menu
    op1 = input('Selecione a opção desejada: ')
C:\Users\yuri_\AppData\Roaming\Python\Python312\site-packages\_pytest\capture.py:209: in read
    raise OSError(
E   OSError: pytest: reading from stdin while output is captured!  Consider using `-s`.</error></testcase><testcase classname="" name="test.test_main" time="0.000"><error message="collection failure">test\test_main.py:4: in &lt;module&gt;
    from src.Main import *
src\Main.py:170: in &lt;module&gt;
    op1 = menu()
src\Main.py:152: in menu
    op1 = input('Selecione a opção desejada: ')
C:\Users\yuri_\AppData\Roaming\Python\Python312\site-packages\_pytest\capture.py:209: in read
    raise OSError(
E   OSError: pytest: reading from stdin while output is captured!  Consider using `-s`.</error><error message="collection failure">test\test_main.py:4: in &lt;module&gt;
    from src.Main import *
src\Main.py:170: in &lt;module&gt;
    op1 = menu()
src\Main.py:152: in menu
    op1 = input('Selecione a opção desejada: ')
C:\Users\yuri_\AppData\Roaming\Python\Python312\site-packages\_pytest\capture.py:209: in read
    raise OSError(
E   OSError: pytest: reading from stdin while output is captured!  Consider using `-s`.</error></testcase></testsuite></testsuites>